[ 2023-09-21 16:30:06,604 ] 15 root - INFO - >>>>>>>>>>>>>>>>>>>>>>>>>>>>>>>>>>>>>>>> Data Ingestion <<<<<<<<<<<<<<<<<<<<<<<<<<<<<<<<<<<<<<<<
[ 2023-09-21 16:30:06,604 ] 22 root - INFO - Exporting collection data as pandas dataframe
[ 2023-09-21 16:30:06,604 ] 22 root - INFO - Reading data from database: aps and collection: sensor
[ 2023-09-21 16:32:13,831 ] 24 root - INFO - Found columns: Index(['_id', 'class', 'aa_000', 'ab_000', 'ac_000', 'ad_000', 'ae_000',
       'af_000', 'ag_000', 'ag_001',
       ...
       'ee_002', 'ee_003', 'ee_004', 'ee_005', 'ee_006', 'ee_007', 'ee_008',
       'ee_009', 'ef_000', 'eg_000'],
      dtype='object', length=172)
[ 2023-09-21 16:32:13,842 ] 26 root - INFO - Dropping column: _id 
[ 2023-09-21 16:32:14,115 ] 28 root - INFO - Row and columns in df: (36188, 171)
[ 2023-09-21 16:32:14,115 ] 28 root - INFO - Save data in feature store
[ 2023-09-21 16:32:15,727 ] 34 root - INFO - Create feature store folder if not available
[ 2023-09-21 16:32:15,729 ] 38 root - INFO - Save df to feature store folder
[ 2023-09-21 16:32:18,298 ] 43 root - INFO - split dataset into train and test set
[ 2023-09-21 16:32:18,688 ] 47 root - INFO - create dataset directory folder if not available
[ 2023-09-21 16:32:18,689 ] 52 root - INFO - Save df to feature store folder
[ 2023-09-21 16:32:21,197 ] 64 root - INFO - Data ingestion artifact: DataIngestionArtifact(feature_store_file_path='C:\\Users\\shash\\OneDrive\\Desktop\\APS\\artifact\\09212023__163006\\data_ingestion\\feature_store\\sensor.csv', train_file_path='C:\\Users\\shash\\OneDrive\\Desktop\\APS\\artifact\\09212023__163006\\data_ingestion\\dataset\\train.csv', test_file_path='C:\\Users\\shash\\OneDrive\\Desktop\\APS\\artifact\\09212023__163006\\data_ingestion\\dataset\\test.csv')
[ 2023-09-21 16:32:21,732 ] 22 root - INFO - >>>>>>>>>>>>>>>>>>>>>>>>>>>>>>>>>>>>>>>> Data Validation <<<<<<<<<<<<<<<<<<<<<<<<<<<<<<<<<<<<<<<<
[ 2023-09-21 16:32:21,732 ] 111 root - INFO - Reading base dataframe
[ 2023-09-21 16:32:24,741 ] 114 root - INFO - Replace na value in base df
[ 2023-09-21 16:32:24,741 ] 116 root - INFO - Drop null values colums from base df
[ 2023-09-21 16:32:25,048 ] 45 root - INFO - selecting column name which contains null above to 0.2
[ 2023-09-21 16:32:25,049 ] 48 root - INFO - Columns to drop: ['ab_000', 'ad_000', 'bk_000', 'bl_000', 'bm_000', 'bn_000', 'bo_000', 'bp_000', 'bq_000', 'br_000', 'cf_000', 'cg_000', 'ch_000', 'co_000', 'cr_000', 'ct_000', 'cu_000', 'cv_000', 'cx_000', 'cy_000', 'cz_000', 'da_000', 'db_000', 'dc_000']
[ 2023-09-21 16:32:25,158 ] 119 root - INFO - Reading train dataframe
[ 2023-09-21 16:32:25,795 ] 121 root - INFO - Reading test dataframe
[ 2023-09-21 16:32:25,978 ] 124 root - INFO - Drop null values colums from train df
[ 2023-09-21 16:32:25,994 ] 45 root - INFO - selecting column name which contains null above to 0.2
[ 2023-09-21 16:32:25,995 ] 48 root - INFO - Columns to drop: ['ab_000', 'ad_000', 'bk_000', 'bl_000', 'bm_000', 'bn_000', 'bo_000', 'bp_000', 'bq_000', 'br_000', 'cf_000', 'cg_000', 'ch_000', 'co_000', 'cr_000', 'ct_000', 'cu_000', 'cv_000', 'cx_000', 'cy_000', 'cz_000', 'da_000', 'db_000', 'dc_000']
[ 2023-09-21 16:32:26,010 ] 126 root - INFO - Drop null values colums from test df
[ 2023-09-21 16:32:26,015 ] 45 root - INFO - selecting column name which contains null above to 0.2
[ 2023-09-21 16:32:26,016 ] 48 root - INFO - Columns to drop: ['ab_000', 'ad_000', 'bk_000', 'bl_000', 'bm_000', 'bn_000', 'bo_000', 'bp_000', 'bq_000', 'br_000', 'cf_000', 'cg_000', 'ch_000', 'co_000', 'cr_000', 'ct_000', 'cu_000', 'cv_000', 'cx_000', 'cy_000', 'cz_000', 'da_000', 'db_000', 'dc_000']
[ 2023-09-21 16:32:28,094 ] 135 root - INFO - Is all required columns present in train df
[ 2023-09-21 16:32:28,095 ] 137 root - INFO - Is all required columns present in test df
[ 2023-09-21 16:32:28,095 ] 141 root - INFO - As all column are available in train df hence detecting data drift
[ 2023-09-21 16:32:28,095 ] 89 root - INFO - Hypothesis class: object, object 
[ 2023-09-21 16:32:28,286 ] 89 root - INFO - Hypothesis aa_000: float64, float64 
[ 2023-09-21 16:32:28,300 ] 89 root - INFO - Hypothesis ac_000: float64, float64 
[ 2023-09-21 16:32:28,354 ] 89 root - INFO - Hypothesis ae_000: float64, float64 
[ 2023-09-21 16:32:28,405 ] 89 root - INFO - Hypothesis af_000: float64, float64 
[ 2023-09-21 16:32:28,455 ] 89 root - INFO - Hypothesis ag_000: float64, float64 
[ 2023-09-21 16:32:28,504 ] 89 root - INFO - Hypothesis ag_001: float64, float64 
[ 2023-09-21 16:32:28,553 ] 89 root - INFO - Hypothesis ag_002: float64, float64 
[ 2023-09-21 16:32:28,604 ] 89 root - INFO - Hypothesis ag_003: float64, float64 
[ 2023-09-21 16:32:28,612 ] 89 root - INFO - Hypothesis ag_004: float64, float64 
[ 2023-09-21 16:32:28,627 ] 89 root - INFO - Hypothesis ag_005: float64, float64 
[ 2023-09-21 16:32:28,641 ] 89 root - INFO - Hypothesis ag_006: float64, float64 
[ 2023-09-21 16:32:28,657 ] 89 root - INFO - Hypothesis ag_007: float64, float64 
[ 2023-09-21 16:32:28,669 ] 89 root - INFO - Hypothesis ag_008: float64, float64 
[ 2023-09-21 16:32:28,681 ] 89 root - INFO - Hypothesis ag_009: float64, float64 
[ 2023-09-21 16:32:28,692 ] 89 root - INFO - Hypothesis ah_000: float64, float64 
[ 2023-09-21 16:32:28,706 ] 89 root - INFO - Hypothesis ai_000: float64, float64 
[ 2023-09-21 16:32:28,756 ] 89 root - INFO - Hypothesis aj_000: float64, float64 
[ 2023-09-21 16:32:28,765 ] 89 root - INFO - Hypothesis ak_000: float64, float64 
[ 2023-09-21 16:32:28,816 ] 89 root - INFO - Hypothesis al_000: float64, float64 
[ 2023-09-21 16:32:28,826 ] 89 root - INFO - Hypothesis am_0: float64, float64 
[ 2023-09-21 16:32:28,837 ] 89 root - INFO - Hypothesis an_000: float64, float64 
[ 2023-09-21 16:32:28,851 ] 89 root - INFO - Hypothesis ao_000: float64, float64 
[ 2023-09-21 16:32:28,866 ] 89 root - INFO - Hypothesis ap_000: float64, float64 
[ 2023-09-21 16:32:28,880 ] 89 root - INFO - Hypothesis aq_000: float64, float64 
[ 2023-09-21 16:32:28,895 ] 89 root - INFO - Hypothesis ar_000: float64, float64 
[ 2023-09-21 16:32:28,945 ] 89 root - INFO - Hypothesis as_000: float64, float64 
[ 2023-09-21 16:32:28,997 ] 89 root - INFO - Hypothesis at_000: float64, float64 
[ 2023-09-21 16:32:29,048 ] 89 root - INFO - Hypothesis au_000: float64, float64 
[ 2023-09-21 16:32:29,100 ] 89 root - INFO - Hypothesis av_000: float64, float64 
[ 2023-09-21 16:32:29,111 ] 89 root - INFO - Hypothesis ax_000: float64, float64 
[ 2023-09-21 16:32:29,123 ] 89 root - INFO - Hypothesis ay_000: float64, float64 
[ 2023-09-21 16:32:29,172 ] 89 root - INFO - Hypothesis ay_001: float64, float64 
[ 2023-09-21 16:32:29,221 ] 89 root - INFO - Hypothesis ay_002: float64, float64 
[ 2023-09-21 16:32:29,271 ] 89 root - INFO - Hypothesis ay_003: float64, float64 
[ 2023-09-21 16:32:29,321 ] 89 root - INFO - Hypothesis ay_004: float64, float64 
[ 2023-09-21 16:32:29,369 ] 89 root - INFO - Hypothesis ay_005: float64, float64 
[ 2023-09-21 16:32:29,426 ] 89 root - INFO - Hypothesis ay_006: float64, float64 
[ 2023-09-21 16:32:29,439 ] 89 root - INFO - Hypothesis ay_007: float64, float64 
[ 2023-09-21 16:32:29,453 ] 89 root - INFO - Hypothesis ay_008: float64, float64 
[ 2023-09-21 16:32:29,467 ] 89 root - INFO - Hypothesis ay_009: float64, float64 
[ 2023-09-21 16:32:29,517 ] 89 root - INFO - Hypothesis az_000: float64, float64 
[ 2023-09-21 16:32:29,530 ] 89 root - INFO - Hypothesis az_001: float64, float64 
[ 2023-09-21 16:32:29,543 ] 89 root - INFO - Hypothesis az_002: float64, float64 
[ 2023-09-21 16:32:29,557 ] 89 root - INFO - Hypothesis az_003: float64, float64 
[ 2023-09-21 16:32:29,571 ] 89 root - INFO - Hypothesis az_004: float64, float64 
[ 2023-09-21 16:32:29,585 ] 89 root - INFO - Hypothesis az_005: float64, float64 
[ 2023-09-21 16:32:29,600 ] 89 root - INFO - Hypothesis az_006: float64, float64 
[ 2023-09-21 16:32:29,656 ] 89 root - INFO - Hypothesis az_007: float64, float64 
[ 2023-09-21 16:32:29,709 ] 89 root - INFO - Hypothesis az_008: float64, float64 
[ 2023-09-21 16:32:29,758 ] 89 root - INFO - Hypothesis az_009: float64, float64 
[ 2023-09-21 16:32:29,807 ] 89 root - INFO - Hypothesis ba_000: float64, float64 
[ 2023-09-21 16:32:29,822 ] 89 root - INFO - Hypothesis ba_001: float64, float64 
[ 2023-09-21 16:32:29,836 ] 89 root - INFO - Hypothesis ba_002: float64, float64 
[ 2023-09-21 16:32:29,851 ] 89 root - INFO - Hypothesis ba_003: float64, float64 
[ 2023-09-21 16:32:29,866 ] 89 root - INFO - Hypothesis ba_004: float64, float64 
[ 2023-09-21 16:32:29,880 ] 89 root - INFO - Hypothesis ba_005: float64, float64 
[ 2023-09-21 16:32:29,894 ] 89 root - INFO - Hypothesis ba_006: float64, float64 
[ 2023-09-21 16:32:29,908 ] 89 root - INFO - Hypothesis ba_007: float64, float64 
[ 2023-09-21 16:32:29,921 ] 89 root - INFO - Hypothesis ba_008: float64, float64 
[ 2023-09-21 16:32:29,975 ] 89 root - INFO - Hypothesis ba_009: float64, float64 
[ 2023-09-21 16:32:30,029 ] 89 root - INFO - Hypothesis bb_000: float64, float64 
[ 2023-09-21 16:32:30,043 ] 89 root - INFO - Hypothesis bc_000: float64, float64 
[ 2023-09-21 16:32:30,098 ] 89 root - INFO - Hypothesis bd_000: float64, float64 
[ 2023-09-21 16:32:30,110 ] 89 root - INFO - Hypothesis be_000: float64, float64 
[ 2023-09-21 16:32:30,122 ] 89 root - INFO - Hypothesis bf_000: float64, float64 
[ 2023-09-21 16:32:30,132 ] 89 root - INFO - Hypothesis bg_000: float64, float64 
[ 2023-09-21 16:32:30,147 ] 89 root - INFO - Hypothesis bh_000: float64, float64 
[ 2023-09-21 16:32:30,161 ] 89 root - INFO - Hypothesis bi_000: float64, float64 
[ 2023-09-21 16:32:30,176 ] 89 root - INFO - Hypothesis bj_000: float64, float64 
[ 2023-09-21 16:32:30,191 ] 89 root - INFO - Hypothesis bs_000: float64, float64 
[ 2023-09-21 16:32:30,205 ] 89 root - INFO - Hypothesis bt_000: float64, float64 
[ 2023-09-21 16:32:30,220 ] 89 root - INFO - Hypothesis bu_000: float64, float64 
[ 2023-09-21 16:32:30,234 ] 89 root - INFO - Hypothesis bv_000: float64, float64 
[ 2023-09-21 16:32:30,249 ] 89 root - INFO - Hypothesis bx_000: float64, float64 
[ 2023-09-21 16:32:30,263 ] 89 root - INFO - Hypothesis by_000: float64, float64 
[ 2023-09-21 16:32:30,277 ] 89 root - INFO - Hypothesis bz_000: float64, float64 
[ 2023-09-21 16:32:30,289 ] 89 root - INFO - Hypothesis ca_000: float64, float64 
[ 2023-09-21 16:32:30,304 ] 89 root - INFO - Hypothesis cb_000: float64, float64 
[ 2023-09-21 16:32:30,319 ] 89 root - INFO - Hypothesis cc_000: float64, float64 
[ 2023-09-21 16:32:30,333 ] 89 root - INFO - Hypothesis cd_000: float64, float64 
[ 2023-09-21 16:32:30,384 ] 89 root - INFO - Hypothesis ce_000: float64, float64 
[ 2023-09-21 16:32:30,397 ] 89 root - INFO - Hypothesis ci_000: float64, float64 
[ 2023-09-21 16:32:30,412 ] 89 root - INFO - Hypothesis cj_000: float64, float64 
[ 2023-09-21 16:32:30,465 ] 89 root - INFO - Hypothesis ck_000: float64, float64 
[ 2023-09-21 16:32:30,479 ] 89 root - INFO - Hypothesis cl_000: float64, float64 
[ 2023-09-21 16:32:30,488 ] 89 root - INFO - Hypothesis cm_000: float64, float64 
[ 2023-09-21 16:32:30,499 ] 89 root - INFO - Hypothesis cn_000: float64, float64 
[ 2023-09-21 16:32:30,548 ] 89 root - INFO - Hypothesis cn_001: float64, float64 
[ 2023-09-21 16:32:30,599 ] 89 root - INFO - Hypothesis cn_002: float64, float64 
[ 2023-09-21 16:32:30,611 ] 89 root - INFO - Hypothesis cn_003: float64, float64 
[ 2023-09-21 16:32:30,625 ] 89 root - INFO - Hypothesis cn_004: float64, float64 
[ 2023-09-21 16:32:30,641 ] 89 root - INFO - Hypothesis cn_005: float64, float64 
[ 2023-09-21 16:32:30,656 ] 89 root - INFO - Hypothesis cn_006: float64, float64 
[ 2023-09-21 16:32:30,670 ] 89 root - INFO - Hypothesis cn_007: float64, float64 
[ 2023-09-21 16:32:30,684 ] 89 root - INFO - Hypothesis cn_008: float64, float64 
[ 2023-09-21 16:32:30,696 ] 89 root - INFO - Hypothesis cn_009: float64, float64 
[ 2023-09-21 16:32:30,752 ] 89 root - INFO - Hypothesis cp_000: float64, float64 
[ 2023-09-21 16:32:30,807 ] 89 root - INFO - Hypothesis cq_000: float64, float64 
[ 2023-09-21 16:32:30,821 ] 89 root - INFO - Hypothesis cs_000: float64, float64 
[ 2023-09-21 16:32:30,835 ] 89 root - INFO - Hypothesis cs_001: float64, float64 
[ 2023-09-21 16:32:30,849 ] 89 root - INFO - Hypothesis cs_002: float64, float64 
[ 2023-09-21 16:32:30,863 ] 89 root - INFO - Hypothesis cs_003: float64, float64 
[ 2023-09-21 16:32:30,877 ] 89 root - INFO - Hypothesis cs_004: float64, float64 
[ 2023-09-21 16:32:30,892 ] 89 root - INFO - Hypothesis cs_005: float64, float64 
[ 2023-09-21 16:32:30,906 ] 89 root - INFO - Hypothesis cs_006: float64, float64 
[ 2023-09-21 16:32:30,921 ] 89 root - INFO - Hypothesis cs_007: float64, float64 
[ 2023-09-21 16:32:30,935 ] 89 root - INFO - Hypothesis cs_008: float64, float64 
[ 2023-09-21 16:32:30,989 ] 89 root - INFO - Hypothesis cs_009: float64, float64 
[ 2023-09-21 16:32:31,039 ] 89 root - INFO - Hypothesis dd_000: float64, float64 
[ 2023-09-21 16:32:31,052 ] 89 root - INFO - Hypothesis de_000: float64, float64 
[ 2023-09-21 16:32:31,064 ] 89 root - INFO - Hypothesis df_000: float64, float64 
[ 2023-09-21 16:32:31,115 ] 89 root - INFO - Hypothesis dg_000: float64, float64 
[ 2023-09-21 16:32:31,167 ] 89 root - INFO - Hypothesis dh_000: float64, float64 
[ 2023-09-21 16:32:31,175 ] 89 root - INFO - Hypothesis di_000: float64, float64 
[ 2023-09-21 16:32:31,228 ] 89 root - INFO - Hypothesis dj_000: float64, float64 
[ 2023-09-21 16:32:31,279 ] 89 root - INFO - Hypothesis dk_000: float64, float64 
[ 2023-09-21 16:32:31,330 ] 89 root - INFO - Hypothesis dl_000: float64, float64 
[ 2023-09-21 16:32:31,380 ] 89 root - INFO - Hypothesis dm_000: float64, float64 
[ 2023-09-21 16:32:31,430 ] 89 root - INFO - Hypothesis dn_000: float64, float64 
[ 2023-09-21 16:32:31,444 ] 89 root - INFO - Hypothesis do_000: float64, float64 
[ 2023-09-21 16:32:31,458 ] 89 root - INFO - Hypothesis dp_000: float64, float64 
[ 2023-09-21 16:32:31,470 ] 89 root - INFO - Hypothesis dq_000: float64, float64 
[ 2023-09-21 16:32:31,523 ] 89 root - INFO - Hypothesis dr_000: float64, float64 
[ 2023-09-21 16:32:31,575 ] 89 root - INFO - Hypothesis ds_000: float64, float64 
[ 2023-09-21 16:32:31,589 ] 89 root - INFO - Hypothesis dt_000: float64, float64 
[ 2023-09-21 16:32:31,602 ] 89 root - INFO - Hypothesis du_000: float64, float64 
[ 2023-09-21 16:32:31,616 ] 89 root - INFO - Hypothesis dv_000: float64, float64 
[ 2023-09-21 16:32:31,630 ] 89 root - INFO - Hypothesis dx_000: float64, float64 
[ 2023-09-21 16:32:31,684 ] 89 root - INFO - Hypothesis dy_000: float64, float64 
[ 2023-09-21 16:32:31,737 ] 89 root - INFO - Hypothesis dz_000: float64, float64 
[ 2023-09-21 16:32:31,789 ] 89 root - INFO - Hypothesis ea_000: float64, float64 
[ 2023-09-21 16:32:31,840 ] 89 root - INFO - Hypothesis eb_000: float64, float64 
[ 2023-09-21 16:32:31,852 ] 89 root - INFO - Hypothesis ec_00: float64, float64 
[ 2023-09-21 16:32:31,866 ] 89 root - INFO - Hypothesis ed_000: float64, float64 
[ 2023-09-21 16:32:31,879 ] 89 root - INFO - Hypothesis ee_000: float64, float64 
[ 2023-09-21 16:32:31,893 ] 89 root - INFO - Hypothesis ee_001: float64, float64 
[ 2023-09-21 16:32:31,908 ] 89 root - INFO - Hypothesis ee_002: float64, float64 
[ 2023-09-21 16:32:31,922 ] 89 root - INFO - Hypothesis ee_003: float64, float64 
[ 2023-09-21 16:32:31,936 ] 89 root - INFO - Hypothesis ee_004: float64, float64 
[ 2023-09-21 16:32:31,951 ] 89 root - INFO - Hypothesis ee_005: float64, float64 
[ 2023-09-21 16:32:31,965 ] 89 root - INFO - Hypothesis ee_006: float64, float64 
[ 2023-09-21 16:32:31,979 ] 89 root - INFO - Hypothesis ee_007: float64, float64 
[ 2023-09-21 16:32:31,993 ] 89 root - INFO - Hypothesis ee_008: float64, float64 
[ 2023-09-21 16:32:32,006 ] 89 root - INFO - Hypothesis ee_009: float64, float64 
[ 2023-09-21 16:32:32,016 ] 89 root - INFO - Hypothesis ef_000: float64, float64 
[ 2023-09-21 16:32:32,067 ] 89 root - INFO - Hypothesis eg_000: float64, float64 
[ 2023-09-21 16:32:32,117 ] 144 root - INFO - As all column are available in test df hence detecting data drift
[ 2023-09-21 16:32:32,118 ] 89 root - INFO - Hypothesis class: object, object 
[ 2023-09-21 16:32:32,226 ] 89 root - INFO - Hypothesis aa_000: float64, float64 
[ 2023-09-21 16:32:32,236 ] 89 root - INFO - Hypothesis ac_000: float64, float64 
[ 2023-09-21 16:32:32,244 ] 89 root - INFO - Hypothesis ae_000: float64, float64 
[ 2023-09-21 16:32:32,265 ] 89 root - INFO - Hypothesis af_000: float64, float64 
[ 2023-09-21 16:32:32,287 ] 89 root - INFO - Hypothesis ag_000: float64, float64 
[ 2023-09-21 16:32:32,308 ] 89 root - INFO - Hypothesis ag_001: float64, float64 
[ 2023-09-21 16:32:32,329 ] 89 root - INFO - Hypothesis ag_002: float64, float64 
[ 2023-09-21 16:32:32,334 ] 89 root - INFO - Hypothesis ag_003: float64, float64 
[ 2023-09-21 16:32:32,340 ] 89 root - INFO - Hypothesis ag_004: float64, float64 
[ 2023-09-21 16:32:32,349 ] 89 root - INFO - Hypothesis ag_005: float64, float64 
[ 2023-09-21 16:32:32,359 ] 89 root - INFO - Hypothesis ag_006: float64, float64 
[ 2023-09-21 16:32:32,368 ] 89 root - INFO - Hypothesis ag_007: float64, float64 
[ 2023-09-21 16:32:32,377 ] 89 root - INFO - Hypothesis ag_008: float64, float64 
[ 2023-09-21 16:32:32,385 ] 89 root - INFO - Hypothesis ag_009: float64, float64 
[ 2023-09-21 16:32:32,391 ] 89 root - INFO - Hypothesis ah_000: float64, float64 
[ 2023-09-21 16:32:32,401 ] 89 root - INFO - Hypothesis ai_000: float64, float64 
[ 2023-09-21 16:32:32,406 ] 89 root - INFO - Hypothesis aj_000: float64, float64 
[ 2023-09-21 16:32:32,412 ] 89 root - INFO - Hypothesis ak_000: float64, float64 
[ 2023-09-21 16:32:32,417 ] 89 root - INFO - Hypothesis al_000: float64, float64 
[ 2023-09-21 16:32:32,424 ] 89 root - INFO - Hypothesis am_0: float64, float64 
[ 2023-09-21 16:32:32,431 ] 89 root - INFO - Hypothesis an_000: float64, float64 
[ 2023-09-21 16:32:32,441 ] 89 root - INFO - Hypothesis ao_000: float64, float64 
[ 2023-09-21 16:32:32,451 ] 89 root - INFO - Hypothesis ap_000: float64, float64 
[ 2023-09-21 16:32:32,461 ] 89 root - INFO - Hypothesis aq_000: float64, float64 
[ 2023-09-21 16:32:32,471 ] 89 root - INFO - Hypothesis ar_000: float64, float64 
[ 2023-09-21 16:32:32,492 ] 89 root - INFO - Hypothesis as_000: float64, float64 
[ 2023-09-21 16:32:32,514 ] 89 root - INFO - Hypothesis at_000: float64, float64 
[ 2023-09-21 16:32:32,536 ] 89 root - INFO - Hypothesis au_000: float64, float64 
[ 2023-09-21 16:32:32,556 ] 89 root - INFO - Hypothesis av_000: float64, float64 
[ 2023-09-21 16:32:32,564 ] 89 root - INFO - Hypothesis ax_000: float64, float64 
[ 2023-09-21 16:32:32,572 ] 89 root - INFO - Hypothesis ay_000: float64, float64 
[ 2023-09-21 16:32:32,592 ] 89 root - INFO - Hypothesis ay_001: float64, float64 
[ 2023-09-21 16:32:32,613 ] 89 root - INFO - Hypothesis ay_002: float64, float64 
[ 2023-09-21 16:32:32,634 ] 89 root - INFO - Hypothesis ay_003: float64, float64 
[ 2023-09-21 16:32:32,655 ] 89 root - INFO - Hypothesis ay_004: float64, float64 
[ 2023-09-21 16:32:32,677 ] 89 root - INFO - Hypothesis ay_005: float64, float64 
[ 2023-09-21 16:32:32,685 ] 89 root - INFO - Hypothesis ay_006: float64, float64 
[ 2023-09-21 16:32:32,693 ] 89 root - INFO - Hypothesis ay_007: float64, float64 
[ 2023-09-21 16:32:32,703 ] 89 root - INFO - Hypothesis ay_008: float64, float64 
[ 2023-09-21 16:32:32,713 ] 89 root - INFO - Hypothesis ay_009: float64, float64 
[ 2023-09-21 16:32:32,733 ] 89 root - INFO - Hypothesis az_000: float64, float64 
[ 2023-09-21 16:32:32,743 ] 89 root - INFO - Hypothesis az_001: float64, float64 
[ 2023-09-21 16:32:32,754 ] 89 root - INFO - Hypothesis az_002: float64, float64 
[ 2023-09-21 16:32:32,762 ] 89 root - INFO - Hypothesis az_003: float64, float64 
[ 2023-09-21 16:32:32,772 ] 89 root - INFO - Hypothesis az_004: float64, float64 
[ 2023-09-21 16:32:32,781 ] 89 root - INFO - Hypothesis az_005: float64, float64 
[ 2023-09-21 16:32:32,791 ] 89 root - INFO - Hypothesis az_006: float64, float64 
[ 2023-09-21 16:32:32,799 ] 89 root - INFO - Hypothesis az_007: float64, float64 
[ 2023-09-21 16:32:32,805 ] 89 root - INFO - Hypothesis az_008: float64, float64 
[ 2023-09-21 16:32:32,826 ] 89 root - INFO - Hypothesis az_009: float64, float64 
[ 2023-09-21 16:32:32,847 ] 89 root - INFO - Hypothesis ba_000: float64, float64 
[ 2023-09-21 16:32:32,857 ] 89 root - INFO - Hypothesis ba_001: float64, float64 
[ 2023-09-21 16:32:32,867 ] 89 root - INFO - Hypothesis ba_002: float64, float64 
[ 2023-09-21 16:32:32,876 ] 89 root - INFO - Hypothesis ba_003: float64, float64 
[ 2023-09-21 16:32:32,886 ] 89 root - INFO - Hypothesis ba_004: float64, float64 
[ 2023-09-21 16:32:32,895 ] 89 root - INFO - Hypothesis ba_005: float64, float64 
[ 2023-09-21 16:32:32,905 ] 89 root - INFO - Hypothesis ba_006: float64, float64 
[ 2023-09-21 16:32:32,914 ] 89 root - INFO - Hypothesis ba_007: float64, float64 
[ 2023-09-21 16:32:32,923 ] 89 root - INFO - Hypothesis ba_008: float64, float64 
[ 2023-09-21 16:32:32,930 ] 89 root - INFO - Hypothesis ba_009: float64, float64 
[ 2023-09-21 16:32:32,937 ] 89 root - INFO - Hypothesis bb_000: float64, float64 
[ 2023-09-21 16:32:32,946 ] 89 root - INFO - Hypothesis bc_000: float64, float64 
[ 2023-09-21 16:32:32,954 ] 89 root - INFO - Hypothesis bd_000: float64, float64 
[ 2023-09-21 16:32:32,962 ] 89 root - INFO - Hypothesis be_000: float64, float64 
[ 2023-09-21 16:32:32,970 ] 89 root - INFO - Hypothesis bf_000: float64, float64 
[ 2023-09-21 16:32:32,976 ] 89 root - INFO - Hypothesis bg_000: float64, float64 
[ 2023-09-21 16:32:32,986 ] 89 root - INFO - Hypothesis bh_000: float64, float64 
[ 2023-09-21 16:32:32,995 ] 89 root - INFO - Hypothesis bi_000: float64, float64 
[ 2023-09-21 16:32:33,005 ] 89 root - INFO - Hypothesis bj_000: float64, float64 
[ 2023-09-21 16:32:33,015 ] 89 root - INFO - Hypothesis bs_000: float64, float64 
[ 2023-09-21 16:32:33,025 ] 89 root - INFO - Hypothesis bt_000: float64, float64 
[ 2023-09-21 16:32:33,035 ] 89 root - INFO - Hypothesis bu_000: float64, float64 
[ 2023-09-21 16:32:33,045 ] 89 root - INFO - Hypothesis bv_000: float64, float64 
[ 2023-09-21 16:32:33,055 ] 89 root - INFO - Hypothesis bx_000: float64, float64 
[ 2023-09-21 16:32:33,064 ] 89 root - INFO - Hypothesis by_000: float64, float64 
[ 2023-09-21 16:32:33,074 ] 89 root - INFO - Hypothesis bz_000: float64, float64 
[ 2023-09-21 16:32:33,083 ] 89 root - INFO - Hypothesis ca_000: float64, float64 
[ 2023-09-21 16:32:33,092 ] 89 root - INFO - Hypothesis cb_000: float64, float64 
[ 2023-09-21 16:32:33,102 ] 89 root - INFO - Hypothesis cc_000: float64, float64 
[ 2023-09-21 16:32:33,112 ] 89 root - INFO - Hypothesis cd_000: float64, float64 
[ 2023-09-21 16:32:33,134 ] 89 root - INFO - Hypothesis ce_000: float64, float64 
[ 2023-09-21 16:32:33,143 ] 89 root - INFO - Hypothesis ci_000: float64, float64 
[ 2023-09-21 16:32:33,152 ] 89 root - INFO - Hypothesis cj_000: float64, float64 
[ 2023-09-21 16:32:33,158 ] 89 root - INFO - Hypothesis ck_000: float64, float64 
[ 2023-09-21 16:32:33,168 ] 89 root - INFO - Hypothesis cl_000: float64, float64 
[ 2023-09-21 16:32:33,174 ] 89 root - INFO - Hypothesis cm_000: float64, float64 
[ 2023-09-21 16:32:33,181 ] 89 root - INFO - Hypothesis cn_000: float64, float64 
[ 2023-09-21 16:32:33,202 ] 89 root - INFO - Hypothesis cn_001: float64, float64 
[ 2023-09-21 16:32:33,208 ] 89 root - INFO - Hypothesis cn_002: float64, float64 
[ 2023-09-21 16:32:33,216 ] 89 root - INFO - Hypothesis cn_003: float64, float64 
[ 2023-09-21 16:32:33,225 ] 89 root - INFO - Hypothesis cn_004: float64, float64 
[ 2023-09-21 16:32:33,236 ] 89 root - INFO - Hypothesis cn_005: float64, float64 
[ 2023-09-21 16:32:33,246 ] 89 root - INFO - Hypothesis cn_006: float64, float64 
[ 2023-09-21 16:32:33,255 ] 89 root - INFO - Hypothesis cn_007: float64, float64 
[ 2023-09-21 16:32:33,264 ] 89 root - INFO - Hypothesis cn_008: float64, float64 
[ 2023-09-21 16:32:33,272 ] 89 root - INFO - Hypothesis cn_009: float64, float64 
[ 2023-09-21 16:32:33,279 ] 89 root - INFO - Hypothesis cp_000: float64, float64 
[ 2023-09-21 16:32:33,286 ] 89 root - INFO - Hypothesis cq_000: float64, float64 
[ 2023-09-21 16:32:33,296 ] 89 root - INFO - Hypothesis cs_000: float64, float64 
[ 2023-09-21 16:32:33,305 ] 89 root - INFO - Hypothesis cs_001: float64, float64 
[ 2023-09-21 16:32:33,314 ] 89 root - INFO - Hypothesis cs_002: float64, float64 
[ 2023-09-21 16:32:33,323 ] 89 root - INFO - Hypothesis cs_003: float64, float64 
[ 2023-09-21 16:32:33,332 ] 89 root - INFO - Hypothesis cs_004: float64, float64 
[ 2023-09-21 16:32:33,342 ] 89 root - INFO - Hypothesis cs_005: float64, float64 
[ 2023-09-21 16:32:33,352 ] 89 root - INFO - Hypothesis cs_006: float64, float64 
[ 2023-09-21 16:32:33,362 ] 89 root - INFO - Hypothesis cs_007: float64, float64 
[ 2023-09-21 16:32:33,372 ] 89 root - INFO - Hypothesis cs_008: float64, float64 
[ 2023-09-21 16:32:33,380 ] 89 root - INFO - Hypothesis cs_009: float64, float64 
[ 2023-09-21 16:32:33,401 ] 89 root - INFO - Hypothesis dd_000: float64, float64 
[ 2023-09-21 16:32:33,410 ] 89 root - INFO - Hypothesis de_000: float64, float64 
[ 2023-09-21 16:32:33,418 ] 89 root - INFO - Hypothesis df_000: float64, float64 
[ 2023-09-21 16:32:33,423 ] 89 root - INFO - Hypothesis dg_000: float64, float64 
[ 2023-09-21 16:32:33,428 ] 89 root - INFO - Hypothesis dh_000: float64, float64 
[ 2023-09-21 16:32:33,433 ] 89 root - INFO - Hypothesis di_000: float64, float64 
[ 2023-09-21 16:32:33,439 ] 89 root - INFO - Hypothesis dj_000: float64, float64 
[ 2023-09-21 16:32:33,460 ] 89 root - INFO - Hypothesis dk_000: float64, float64 
[ 2023-09-21 16:32:33,465 ] 89 root - INFO - Hypothesis dl_000: float64, float64 
[ 2023-09-21 16:32:33,488 ] 89 root - INFO - Hypothesis dm_000: float64, float64 
[ 2023-09-21 16:32:33,511 ] 89 root - INFO - Hypothesis dn_000: float64, float64 
[ 2023-09-21 16:32:33,520 ] 89 root - INFO - Hypothesis do_000: float64, float64 
[ 2023-09-21 16:32:33,529 ] 89 root - INFO - Hypothesis dp_000: float64, float64 
[ 2023-09-21 16:32:33,537 ] 89 root - INFO - Hypothesis dq_000: float64, float64 
[ 2023-09-21 16:32:33,544 ] 89 root - INFO - Hypothesis dr_000: float64, float64 
[ 2023-09-21 16:32:33,550 ] 89 root - INFO - Hypothesis ds_000: float64, float64 
[ 2023-09-21 16:32:33,559 ] 89 root - INFO - Hypothesis dt_000: float64, float64 
[ 2023-09-21 16:32:33,568 ] 89 root - INFO - Hypothesis du_000: float64, float64 
[ 2023-09-21 16:32:33,577 ] 89 root - INFO - Hypothesis dv_000: float64, float64 
[ 2023-09-21 16:32:33,587 ] 89 root - INFO - Hypothesis dx_000: float64, float64 
[ 2023-09-21 16:32:33,593 ] 89 root - INFO - Hypothesis dy_000: float64, float64 
[ 2023-09-21 16:32:33,600 ] 89 root - INFO - Hypothesis dz_000: float64, float64 
[ 2023-09-21 16:32:33,622 ] 89 root - INFO - Hypothesis ea_000: float64, float64 
[ 2023-09-21 16:32:33,643 ] 89 root - INFO - Hypothesis eb_000: float64, float64 
[ 2023-09-21 16:32:33,652 ] 89 root - INFO - Hypothesis ec_00: float64, float64 
[ 2023-09-21 16:32:33,661 ] 89 root - INFO - Hypothesis ed_000: float64, float64 
[ 2023-09-21 16:32:33,670 ] 89 root - INFO - Hypothesis ee_000: float64, float64 
[ 2023-09-21 16:32:33,679 ] 89 root - INFO - Hypothesis ee_001: float64, float64 
[ 2023-09-21 16:32:33,689 ] 89 root - INFO - Hypothesis ee_002: float64, float64 
[ 2023-09-21 16:32:33,699 ] 89 root - INFO - Hypothesis ee_003: float64, float64 
[ 2023-09-21 16:32:33,709 ] 89 root - INFO - Hypothesis ee_004: float64, float64 
[ 2023-09-21 16:32:33,718 ] 89 root - INFO - Hypothesis ee_005: float64, float64 
[ 2023-09-21 16:32:33,727 ] 89 root - INFO - Hypothesis ee_006: float64, float64 
[ 2023-09-21 16:32:33,737 ] 89 root - INFO - Hypothesis ee_007: float64, float64 
[ 2023-09-21 16:32:33,746 ] 89 root - INFO - Hypothesis ee_008: float64, float64 
[ 2023-09-21 16:32:33,754 ] 89 root - INFO - Hypothesis ee_009: float64, float64 
[ 2023-09-21 16:32:33,761 ] 89 root - INFO - Hypothesis ef_000: float64, float64 
[ 2023-09-21 16:32:33,783 ] 89 root - INFO - Hypothesis eg_000: float64, float64 
[ 2023-09-21 16:32:33,804 ] 148 root - INFO - Write reprt in yaml file
